<?xml version="1.0" encoding="UTF-8"?>
<!-- Generated by org.testng.reporters.JUnitReportReporter -->
<testsuite skipped="0" hostname="DESKTOP-QMHOFE8" name="cucumberOptions.TestNG_TestRunner" tests="1" failures="0" timestamp="2022-05-04T17:33:43 IST" time="0.193" errors="0">
  <testcase name="runScenario" time="0.193" classname="cucumberOptions.TestNG_TestRunner"/>
  <system-out/>
</testsuite> <!-- cucumberOptions.TestNG_TestRunner -->
